# JRE version: Java(TM) SE Runtime Environment (18.0.2.1+1) (build 18.0.2.1+1-1)
# Java VM: Java HotSpot(TM) 64-Bit Server VM (18.0.2.1+1-1, mixed mode, sharing, tiered, compressed oops, compressed class ptrs, g1 gc, windows-amd64)
GC Precious Log:
 CardTable entry size: 512
 Card Set container configuration: InlinePtr #cards 5 size 8 Array Of Cards #cards 12 size 40 Howl #buckets 4 coarsen threshold 1843 Howl Bitmap #cards 512 size 80 coarsen threshold 460 Card regions per heap region 1 cards per card region 2048
 CPUs: 16 total, 16 available
 Memory: 7549M
 Large Page Support: Disabled
 NUMA Support: Disabled
 Compressed Oops: Enabled (32-bit)
 Heap Region Size: 1M
 Heap Min Capacity: 8M
 Heap Initial Capacity: 118M
 Heap Max Capacity: 1888M
 Pre-touch: Disabled
 Parallel Workers: 13
 Concurrent Workers: 3
 Concurrent Refinement Workers: 13
 Periodic GC: Disabled
Heap:
 garbage-first heap   total 120832K, used 46908K [0x000000008a000000, 0x0000000100000000)
  region size 1024K, 36 young (36864K), 3 survivors (3072K)
 Metaspace       used 9413K, committed 9664K, reserved 1114112K
  class space    used 871K, committed 1024K, reserved 1048576K
GC Heap History (12 events):
Event: 0.626 GC heap before
{Heap before GC invocations=0 (full 0):
 garbage-first heap   total 120832K, used 26624K [0x000000008a000000, 0x0000000100000000)
  region size 1024K, 23 young (23552K), 0 survivors (0K)
 Metaspace       used 7565K, committed 7808K, reserved 1114112K
  class space    used 792K, committed 896K, reserved 1048576K
}
Event: 0.630 GC heap after
{Heap after GC invocations=1 (full 0):
 garbage-first heap   total 120832K, used 4824K [0x000000008a000000, 0x0000000100000000)
  region size 1024K, 3 young (3072K), 3 survivors (3072K)
 Metaspace       used 7565K, committed 7808K, reserved 1114112K
  class space    used 792K, committed 896K, reserved 1048576K
}
Event: 1.368 GC heap before
{Heap before GC invocations=1 (full 0):
 garbage-first heap   total 120832K, used 39640K [0x000000008a000000, 0x0000000100000000)
  region size 1024K, 37 young (37888K), 3 survivors (3072K)
 Metaspace       used 8369K, committed 8576K, reserved 1114112K
  class space    used 829K, committed 896K, reserved 1048576K
}
Event: 1.374 GC heap after
{Heap after GC invocations=2 (full 0):
 garbage-first heap   total 120832K, used 6569K [0x000000008a000000, 0x0000000100000000)
  region size 1024K, 5 young (5120K), 5 survivors (5120K)
 Metaspace       used 8369K, committed 8576K, reserved 1114112K
  class space    used 829K, committed 896K, reserved 1048576K
}
Event: 3.775 GC heap before
{Heap before GC invocations=2 (full 0):
 garbage-first heap   total 120832K, used 79273K [0x000000008a000000, 0x0000000100000000)
  region size 1024K, 70 young (71680K), 5 survivors (5120K)
 Metaspace       used 8829K, committed 9024K, reserved 1114112K
  class space    used 858K, committed 960K, reserved 1048576K
}
Event: 3.785 GC heap after
{Heap after GC invocations=3 (full 0):
 garbage-first heap   total 120832K, used 11426K [0x000000008a000000, 0x0000000100000000)
  region size 1024K, 6 young (6144K), 6 survivors (6144K)
 Metaspace       used 8829K, committed 9024K, reserved 1114112K
  class space    used 858K, committed 960K, reserved 1048576K
}
Event: 4.018 GC heap before
{Heap before GC invocations=3 (full 0):
 garbage-first heap   total 120832K, used 83106K [0x000000008a000000, 0x0000000100000000)
  region size 1024K, 70 young (71680K), 6 survivors (6144K)
 Metaspace       used 8830K, committed 9024K, reserved 1114112K
  class space    used 858K, committed 960K, reserved 1048576K
}
Event: 4.024 GC heap after
{Heap after GC invocations=4 (full 0):
 garbage-first heap   total 120832K, used 13148K [0x000000008a000000, 0x0000000100000000)
  region size 1024K, 4 young (4096K), 4 survivors (4096K)
 Metaspace       used 8830K, committed 9024K, reserved 1114112K
  class space    used 858K, committed 960K, reserved 1048576K
}
Event: 5.948 GC heap before
{Heap before GC invocations=4 (full 0):
 garbage-first heap   total 120832K, used 86876K [0x000000008a000000, 0x0000000100000000)
  region size 1024K, 70 young (71680K), 4 survivors (4096K)
 Metaspace       used 9075K, committed 9344K, reserved 1114112K
  class space    used 870K, committed 1024K, reserved 1048576K
}
Event: 5.951 GC heap after
{Heap after GC invocations=5 (full 0):
 garbage-first heap   total 120832K, used 14905K [0x000000008a000000, 0x0000000100000000)
  region size 1024K, 4 young (4096K), 4 survivors (4096K)
 Metaspace       used 9075K, committed 9344K, reserved 1114112K
  class space    used 870K, committed 1024K, reserved 1048576K
}
Event: 30.331 GC heap before
{Heap before GC invocations=5 (full 0):
 garbage-first heap   total 120832K, used 82489K [0x000000008a000000, 0x0000000100000000)
  region size 1024K, 70 young (71680K), 4 survivors (4096K)
 Metaspace       used 9351K, committed 9600K, reserved 1114112K
  class space    used 871K, committed 1024K, reserved 1048576K
}
Event: 30.332 GC heap after
{Heap after GC invocations=6 (full 0):
 garbage-first heap   total 120832K, used 14140K [0x000000008a000000, 0x0000000100000000)
  region size 1024K, 3 young (3072K), 3 survivors (3072K)
 Metaspace       used 9351K, committed 9600K, reserved 1114112K
  class space    used 871K, committed 1024K, reserved 1048576K
}

